<?xml version="1.0" encoding="UTF-8"?>
<!-- Generated by org.testng.reporters.JUnitReportReporter -->
<testsuite skipped="0" hostname="LAPTOP-UUUMUEUH" name="testscripts.TestAddToCart" tests="1" failures="0" timestamp="2021-01-04T19:42:45 IST" time="49.156" errors="0">
  <testcase name="addtocartmethod" time="49.156" classname="testscripts.TestAddToCart"/>
  <system-out>
product added into cart successfully....  </system-out>
</testsuite> <!-- testscripts.TestAddToCart -->
