<?xml version="1.0" encoding="UTF-8"?>
<!-- Generated by org.testng.reporters.JUnitReportReporter -->
<testsuite skipped="0" hostname="LAPTOP-UUUMUEUH" name="testscripts.TestLogin" tests="1" failures="0" timestamp="2021-01-04T16:54:25 IST" time="54.184" errors="0">
  <testcase name="amazonlogin" time="54.184" classname="testscripts.TestLogin"/>
  <system-out>
logged in successfully.....  </system-out>
</testsuite> <!-- testscripts.TestLogin -->
