<?xml version="1.0" encoding="UTF-8"?>
<!-- Generated by org.testng.reporters.JUnitReportReporter -->
<testsuite skipped="0" hostname="LAPTOP-UUUMUEUH" name="testscripts.TestLogin" tests="1" failures="0" timestamp="2021-01-13T12:47:54 IST" time="23.878" errors="0">
  <testcase name="amazonlogin" time="23.878" classname="testscripts.TestLogin"/>
  <system-out>
logged in successfully.....  </system-out>
</testsuite> <!-- testscripts.TestLogin -->
