<?xml version="1.0" encoding="UTF-8"?>
<!-- Generated by org.testng.reporters.JUnitReportReporter -->
<testsuite skipped="0" hostname="LAPTOP-UUUMUEUH" name="testscripts.TestDeleteProduct" tests="1" failures="0" timestamp="2021-01-11T16:16:56 IST" time="80.442" errors="0">
  <testcase name="delete" time="80.442" classname="testscripts.TestDeleteProduct"/>
  <system-out>
product deleted successfully....  </system-out>
</testsuite> <!-- testscripts.TestDeleteProduct -->
