<?xml version="1.0" encoding="UTF-8"?>
<!-- Generated by org.testng.reporters.JUnitReportReporter -->
<testsuite skipped="0" hostname="LAPTOP-UUUMUEUH" name="testscripts.TestAddToCart" tests="1" failures="0" timestamp="2021-01-11T14:59:09 IST" time="29.311" errors="0">
  <testcase name="addtocartmethod" time="29.311" classname="testscripts.TestAddToCart"/>
  <system-out>
product added into cart successfully....  </system-out>
</testsuite> <!-- testscripts.TestAddToCart -->
