<?xml version="1.0" encoding="UTF-8"?>
<!-- Generated by org.testng.reporters.JUnitReportReporter -->
<testsuite skipped="0" hostname="LAPTOP-UUUMUEUH" name="testscripts.TestDeleteProduct" tests="1" failures="0" timestamp="2021-01-13T12:47:54 IST" time="75.426" errors="0">
  <testcase name="delete" time="75.426" classname="testscripts.TestDeleteProduct"/>
  <system-out>
product deleted successfully....  </system-out>
</testsuite> <!-- testscripts.TestDeleteProduct -->
