<?xml version="1.0" encoding="UTF-8"?>
<!-- Generated by org.testng.reporters.JUnitReportReporter -->
<testsuite skipped="0" hostname="LAPTOP-UUUMUEUH" name="testscripts.TestAddToCart" tests="1" failures="0" timestamp="2021-01-13T12:47:54 IST" time="40.705" errors="0">
  <testcase name="addtocartmethod" time="40.705" classname="testscripts.TestAddToCart"/>
  <system-out>
product added into cart successfully....  </system-out>
</testsuite> <!-- testscripts.TestAddToCart -->
