<?xml version="1.0" encoding="UTF-8"?>
<!-- Generated by org.testng.reporters.JUnitReportReporter -->
<testsuite skipped="0" hostname="LAPTOP-UUUMUEUH" name="testscripts.DeleteProduct" tests="1" failures="0" timestamp="2021-01-04T20:36:37 IST" time="119.185" errors="0">
  <testcase name="delete" time="119.185" classname="testscripts.DeleteProduct"/>
  <system-out>
product deleted successfully....  </system-out>
</testsuite> <!-- testscripts.DeleteProduct -->
